<?xml version="1.0" encoding="UTF-8"?>
<!-- Generated by org.testng.reporters.JUnitXMLReporter -->
<testsuite ignored="0" hostname="LAPTOP-QOO5UVKN" failures="0" tests="4" name="Default test" time="70.584" errors="0" timestamp="2023-05-02T11:35:06 IST">
  <testcase classname="com.day9.Exercise2" name="Test1" time="51.817"/>
  <testcase classname="com.day9.Exercise2" name="Test2" time="10.862"/>
  <testcase classname="com.day9.Exercise2" name="Test3" time="7.862"/>
  <testcase classname="com.day9.Exercise2" name="f" time="0.0"/>
</testsuite> <!-- Default test -->
