<?xml version="1.0" encoding="UTF-8"?>
<testng-results ignored="0" total="3" passed="3" failed="0" skipped="0">
  <reporter-output>
  </reporter-output>
  <suite started-at="2023-05-02T11:11:57 IST" name="Default suite" finished-at="2023-05-02T11:12:17 IST" duration-ms="19957">
    <groups>
      <group name="SmokeTest">
        <method signature="Exercise5.Test1()[pri:0, instance:com.day7.Exercise5@428640fa]" name="Test1" class="com.day7.Exercise5"/>
      </group> <!-- SmokeTest -->
      <group name="RegressionTest">
        <method signature="Exercise5.Test2()[pri:0, instance:com.day7.Exercise5@428640fa]" name="Test2" class="com.day7.Exercise5"/>
        <method signature="Exercise5.Test3()[pri:0, instance:com.day7.Exercise5@428640fa]" name="Test3" class="com.day7.Exercise5"/>
      </group> <!-- RegressionTest -->
    </groups>
    <test started-at="2023-05-02T11:11:57 IST" name="Default test" finished-at="2023-05-02T11:12:17 IST" duration-ms="19957">
      <class name="com.day7.Exercise5">
        <test-method signature="Test1()[pri:0, instance:com.day7.Exercise5@428640fa]" started-at="2023-05-02T11:11:57 IST" name="Test1" finished-at="2023-05-02T11:12:03 IST" duration-ms="5724" status="PASS">
          <reporter-output>
          </reporter-output>
        </test-method> <!-- Test1 -->
        <test-method signature="Test2()[pri:0, instance:com.day7.Exercise5@428640fa]" started-at="2023-05-02T11:12:03 IST" name="Test2" finished-at="2023-05-02T11:12:09 IST" duration-ms="6613" status="PASS">
          <reporter-output>
          </reporter-output>
        </test-method> <!-- Test2 -->
        <test-method signature="Test3()[pri:0, instance:com.day7.Exercise5@428640fa]" started-at="2023-05-02T11:12:09 IST" name="Test3" finished-at="2023-05-02T11:12:17 IST" duration-ms="7565" status="PASS">
          <reporter-output>
          </reporter-output>
        </test-method> <!-- Test3 -->
      </class> <!-- com.day7.Exercise5 -->
    </test> <!-- Default test -->
  </suite> <!-- Default suite -->
</testng-results>
