<?xml version="1.0" encoding="UTF-8"?>
<!-- Generated by org.testng.reporters.JUnitXMLReporter -->
<testsuite ignored="0" hostname="LAPTOP-QOO5UVKN" failures="0" tests="3" name="Default test" time="19.957" errors="0" timestamp="2023-05-02T11:12:17 IST">
  <testcase classname="com.day7.Exercise5" name="Test1" time="5.724"/>
  <testcase classname="com.day7.Exercise5" name="Test2" time="6.613"/>
  <testcase classname="com.day7.Exercise5" name="Test3" time="7.565"/>
</testsuite> <!-- Default test -->
